0 info it worked if it ends with ok
1 verbose cli [ '/usr/local/bin/node',
1 verbose cli   '/Users/Javu/.node/bin/npm',
1 verbose cli   'run',
1 verbose cli   'watch_sass' ]
2 info using npm@4.1.1
3 info using node@v7.4.0
4 verbose run-script [ 'prewatch_sass', 'watch_sass', 'postwatch_sass' ]
5 info lifecycle visual-studio-meeting-scheduler@1.0.0~prewatch_sass: visual-studio-meeting-scheduler@1.0.0
6 silly lifecycle visual-studio-meeting-scheduler@1.0.0~prewatch_sass: no script for prewatch_sass, continuing
7 info lifecycle visual-studio-meeting-scheduler@1.0.0~watch_sass: visual-studio-meeting-scheduler@1.0.0
8 verbose lifecycle visual-studio-meeting-scheduler@1.0.0~watch_sass: unsafe-perm in lifecycle true
9 verbose lifecycle visual-studio-meeting-scheduler@1.0.0~watch_sass: PATH: /Users/Javu/.node/lib/node_modules/npm/bin/node-gyp-bin:/Users/Javu/myrepos/sysEngTeam8Project/node_modules/.bin:/Library/Frameworks/Mono.framework/Versions/Current/bin/:/Users/Javu/.local/bin:/Users/Javu/.cabal/bin:/Applications/ghc-7.10.2.app/Contents/bin:/Users/Javu/Documents/App holder/cmake/bin/:./node_modules/.bin:/Users/Javu/Library/Haskell/bin:.:/Library/Frameworks/Mono.framework/Versions/Current/bin/:/Users/Javu/.local/bin:/Users/Javu/.cabal/bin:/Applications/ghc-7.10.2.app/Contents/bin:/Users/Javu/Documents/App holder/cmake/bin/:./node_modules/.bin:/Users/Javu/Library/Haskell/bin:.:/Users/Javu/.rbenv/shims:/Users/Javu/.node/bin:/Users/Javu/.rbenv/bin:/usr/local/bin:/Library/Frameworks/Python.framework/Versions/2.7/bin:/usr/local/bin:/usr/bin:/bin:/usr/sbin:/sbin:/opt/X11/bin:/Users/Javu/.composer/vendor/bin:/Users/Javu/.yarn/bin:/usr/local/go/bin:/Applications/ghc-7.10.2.app:/Users/Javu/.yarn/bin:/usr/local/go/bin:/Applications/ghc-7.10.2.app
10 verbose lifecycle visual-studio-meeting-scheduler@1.0.0~watch_sass: CWD: /Users/Javu/myrepos/sysEngTeam8Project
11 silly lifecycle visual-studio-meeting-scheduler@1.0.0~watch_sass: Args: [ '-c',
11 silly lifecycle   'node-sass --include-path scss src/scss/main.scss src/public/css/' ]
12 silly lifecycle visual-studio-meeting-scheduler@1.0.0~watch_sass: Returned: code: 1  signal: null
13 info lifecycle visual-studio-meeting-scheduler@1.0.0~watch_sass: Failed to exec watch_sass script
14 verbose stack Error: visual-studio-meeting-scheduler@1.0.0 watch_sass: `node-sass --include-path scss src/scss/main.scss src/public/css/`
14 verbose stack Exit status 1
14 verbose stack     at EventEmitter.<anonymous> (/Users/Javu/.node/lib/node_modules/npm/lib/utils/lifecycle.js:279:16)
14 verbose stack     at emitTwo (events.js:106:13)
14 verbose stack     at EventEmitter.emit (events.js:191:7)
14 verbose stack     at ChildProcess.<anonymous> (/Users/Javu/.node/lib/node_modules/npm/lib/utils/spawn.js:40:14)
14 verbose stack     at emitTwo (events.js:106:13)
14 verbose stack     at ChildProcess.emit (events.js:191:7)
14 verbose stack     at maybeClose (internal/child_process.js:885:16)
14 verbose stack     at Process.ChildProcess._handle.onexit (internal/child_process.js:226:5)
15 verbose pkgid visual-studio-meeting-scheduler@1.0.0
16 verbose cwd /Users/Javu/myrepos/sysEngTeam8Project/src
17 error Darwin 16.3.0
18 error argv "/usr/local/bin/node" "/Users/Javu/.node/bin/npm" "run" "watch_sass"
19 error node v7.4.0
20 error npm  v4.1.1
21 error code ELIFECYCLE
22 error visual-studio-meeting-scheduler@1.0.0 watch_sass: `node-sass --include-path scss src/scss/main.scss src/public/css/`
22 error Exit status 1
23 error Failed at the visual-studio-meeting-scheduler@1.0.0 watch_sass script 'node-sass --include-path scss src/scss/main.scss src/public/css/'.
23 error Make sure you have the latest version of node.js and npm installed.
23 error If you do, this is most likely a problem with the visual-studio-meeting-scheduler package,
23 error not with npm itself.
23 error Tell the author that this fails on your system:
23 error     node-sass --include-path scss src/scss/main.scss src/public/css/
23 error You can get information on how to open an issue for this project with:
23 error     npm bugs visual-studio-meeting-scheduler
23 error Or if that isn't available, you can get their info via:
23 error     npm owner ls visual-studio-meeting-scheduler
23 error There is likely additional logging output above.
24 verbose exit [ 1, true ]
